Watching for file changes with StatReloader
"GET / HTTP/1.1" 200 21
"GET /heads/ HTTP/1.1" 200 5
"GET /cube/ HTTP/1.1" 200 1
Watching for file changes with StatReloader
"GET / HTTP/1.1" 200 21
"GET /heads/ HTTP/1.1" 200 5
"GET /heads/ HTTP/1.1" 200 5
"GET /heads/ HTTP/1.1" 200 5
"GET /heads/ HTTP/1.1" 200 5
"GET /heads/ HTTP/1.1" 200 5
"GET /heads/ HTTP/1.1" 200 5
"GET /heads/ HTTP/1.1" 200 5
"GET /heads/ HTTP/1.1" 200 5
"GET /heads/ HTTP/1.1" 200 5
"GET /heads/ HTTP/1.1" 200 5
"GET /heads/ HTTP/1.1" 200 5
"GET /heads/ HTTP/1.1" 200 5
"GET /heads/ HTTP/1.1" 200 5
"GET /heads/ HTTP/1.1" 200 5
"GET /heads/ HTTP/1.1" 200 5
"GET /heads/ HTTP/1.1" 200 5
"GET /heads/ HTTP/1.1" 200 5
"GET /heads/ HTTP/1.1" 200 5
"GET /heads/ HTTP/1.1" 200 5
"GET /heads/ HTTP/1.1" 200 5
"GET /heads/ HTTP/1.1" 200 5
"GET /heads/ HTTP/1.1" 200 5
F:\my_study_projects\django_seminar_gb\my_app_2\views.py changed, reloading.
Watching for file changes with StatReloader
"GET /heads/ HTTP/1.1" 200 5
"GET /heads/ HTTP/1.1" 200 5
"GET /heads/ HTTP/1.1" 200 5
"GET /heads/ HTTP/1.1" 200 5
"GET /heads/ HTTP/1.1" 200 5
"GET /heads/ HTTP/1.1" 200 5
"GET /heads/ HTTP/1.1" 200 5
"GET /heads/ HTTP/1.1" 200 5
"GET /heads/ HTTP/1.1" 200 5
"GET /heads/ HTTP/1.1" 200 5
F:\my_study_projects\django_seminar_gb\my_app_2\views.py changed, reloading.
Watching for file changes with StatReloader
F:\my_study_projects\django_seminar_gb\my_app_2\views.py changed, reloading.
Watching for file changes with StatReloader
Watching for file changes with StatReloader
Watching for file changes with StatReloader
"GET / HTTP/1.1" 200 21
"GET /heads/ HTTP/1.1" 200 5
"GET /heads/ HTTP/1.1" 200 5
"GET /heads/ HTTP/1.1" 200 5
"GET /heads/ HTTP/1.1" 200 5
"GET /heads/ HTTP/1.1" 200 5
"GET /heads/ HTTP/1.1" 200 5
"GET /heads/ HTTP/1.1" 200 5
"GET /heads/ HTTP/1.1" 200 5
"GET /heads/ HTTP/1.1" 200 5
"GET /heads/ HTTP/1.1" 200 5
"GET /heads/ HTTP/1.1" 200 5
"GET /heads/ HTTP/1.1" 200 5
"GET /heads/ HTTP/1.1" 200 5
"GET /heads/ HTTP/1.1" 200 5
"GET /cube/ HTTP/1.1" 200 1
"GET /cube/ HTTP/1.1" 200 1
"GET /cube/ HTTP/1.1" 200 1
"GET /cube/ HTTP/1.1" 200 1
"GET /cube/ HTTP/1.1" 200 1
"GET /cube/ HTTP/1.1" 200 1
"GET /cube/ HTTP/1.1" 200 1
"GET /cube/ HTTP/1.1" 200 1
"GET /cube/ HTTP/1.1" 200 1
"GET /cube/ HTTP/1.1" 200 1
"GET /cube/ HTTP/1.1" 200 1
"GET /cube/ HTTP/1.1" 200 1
"GET /cube/ HTTP/1.1" 200 1
"GET /number/ HTTP/1.1" 200 2
"GET /number/ HTTP/1.1" 200 2
"GET /number/ HTTP/1.1" 200 2
"GET /number/ HTTP/1.1" 200 2
"GET /number/ HTTP/1.1" 200 2
"GET /number/ HTTP/1.1" 200 2
"GET /number/ HTTP/1.1" 200 2
"GET /number/ HTTP/1.1" 200 2
"GET /number/ HTTP/1.1" 200 1
"GET /number/ HTTP/1.1" 200 2
"GET /number/ HTTP/1.1" 200 2
Watching for file changes with StatReloader
"GET /number/ HTTP/1.1" 200 2
"GET /number/ HTTP/1.1" 200 2
"GET /number/ HTTP/1.1" 200 2
"GET /number/ HTTP/1.1" 200 2
"GET /cube/ HTTP/1.1" 200 1
"GET /cube/ HTTP/1.1" 200 1
"GET /cube/ HTTP/1.1" 200 1
"GET /cube/ HTTP/1.1" 200 1
"GET /cube/ HTTP/1.1" 200 1
"GET /heads/ HTTP/1.1" 200 5
"GET /heads/ HTTP/1.1" 200 5
"GET /heads/ HTTP/1.1" 200 5
"GET /heads/ HTTP/1.1" 200 5
"GET /heads/ HTTP/1.1" 200 5
"GET /heads/ HTTP/1.1" 200 5
"GET /heads/ HTTP/1.1" 200 5
"GET /heads/ HTTP/1.1" 200 5
F:\my_study_projects\django_seminar_gb\django_seminar_gb\settings.py changed, reloading.
INFO 2023-09-03 14:32:14,548 autoreload 20104 19256 Watching for file changes with StatReloader
INFO 2023-09-03 14:32:23,444 autoreload 28232 2072 Watching for file changes with StatReloader
INFO 2023-09-03 14:32:25,349 basehttp 28232 24436 "GET / HTTP/1.1" 200 21
INFO 2023-09-03 14:32:28,111 views 28232 24436 Random number result = '57'
INFO 2023-09-03 14:32:28,111 basehttp 28232 24436 "GET /number/ HTTP/1.1" 200 2
INFO 2023-09-03 14:32:28,296 views 28232 24436 Random number result = '75'
INFO 2023-09-03 14:32:28,297 basehttp 28232 24436 "GET /number/ HTTP/1.1" 200 2
INFO 2023-09-03 14:32:30,461 views 28232 24436 Cube result = '6'
INFO 2023-09-03 14:32:30,461 basehttp 28232 24436 "GET /cube/ HTTP/1.1" 200 1
INFO 2023-09-03 14:32:30,648 views 28232 24436 Cube result = '3'
INFO 2023-09-03 14:32:30,649 basehttp 28232 24436 "GET /cube/ HTTP/1.1" 200 1
INFO 2023-09-03 14:32:30,820 views 28232 24436 Cube result = '3'
INFO 2023-09-03 14:32:30,820 basehttp 28232 24436 "GET /cube/ HTTP/1.1" 200 1
INFO 2023-09-03 14:32:32,536 views 28232 24436 Coin result = 'HEADS'
INFO 2023-09-03 14:32:32,536 basehttp 28232 24436 "GET /heads/ HTTP/1.1" 200 5
INFO 2023-09-03 14:32:32,701 views 28232 24436 Coin result = 'HEADS'
INFO 2023-09-03 14:32:32,702 basehttp 28232 24436 "GET /heads/ HTTP/1.1" 200 5
INFO 2023-09-03 14:32:32,859 views 28232 24436 Coin result = 'TAILS'
INFO 2023-09-03 14:32:32,859 basehttp 28232 24436 "GET /heads/ HTTP/1.1" 200 5
INFO 2023-09-03 14:32:33,029 views 28232 24436 Coin result = 'HEADS'
INFO 2023-09-03 14:32:33,029 basehttp 28232 24436 "GET /heads/ HTTP/1.1" 200 5
INFO 2023-09-03 14:32:33,259 views 28232 24436 Coin result = 'TAILS'
INFO 2023-09-03 14:32:33,259 basehttp 28232 24436 "GET /heads/ HTTP/1.1" 200 5
INFO 2023-09-03 14:49:59,910 autoreload 28232 2072 F:\my_study_projects\django_seminar_gb\my_app\views.py changed, reloading.
INFO 2023-09-03 14:50:00,366 autoreload 28112 28412 Watching for file changes with StatReloader
INFO 2023-09-03 14:50:12,014 autoreload 28112 28412 F:\my_study_projects\django_seminar_gb\my_app\views.py changed, reloading.
INFO 2023-09-03 14:50:12,535 autoreload 28612 27264 Watching for file changes with StatReloader
INFO 2023-09-03 14:50:47,774 autoreload 28612 27264 F:\my_study_projects\django_seminar_gb\my_app\views.py changed, reloading.
INFO 2023-09-03 14:50:48,210 autoreload 26212 25500 Watching for file changes with StatReloader
INFO 2023-09-03 14:50:56,746 autoreload 26212 25500 F:\my_study_projects\django_seminar_gb\my_app\views.py changed, reloading.
INFO 2023-09-03 14:50:57,217 autoreload 15404 14916 Watching for file changes with StatReloader
INFO 2023-09-03 14:54:27,388 autoreload 15404 14916 F:\my_study_projects\django_seminar_gb\my_app\views.py changed, reloading.
INFO 2023-09-03 14:54:27,824 autoreload 7780 16524 Watching for file changes with StatReloader
INFO 2023-09-03 14:56:07,957 autoreload 7780 16524 F:\my_study_projects\django_seminar_gb\my_app\urls.py changed, reloading.
INFO 2023-09-03 14:56:08,377 autoreload 2520 11100 Watching for file changes with StatReloader
INFO 2023-09-03 14:57:04,800 autoreload 26892 27260 Watching for file changes with StatReloader
INFO 2023-09-03 14:57:06,225 views 26892 19160 Main page
INFO 2023-09-03 14:57:06,226 basehttp 26892 19160 "GET / HTTP/1.1" 200 84
INFO 2023-09-03 14:57:15,998 views 26892 19160 About
INFO 2023-09-03 14:57:15,998 basehttp 26892 19160 "GET /about/ HTTP/1.1" 200 40
INFO 2023-09-03 15:01:56,068 autoreload 26676 17604 Watching for file changes with StatReloader
INFO 2023-09-03 15:01:57,155 views 26676 21804 Main page
INFO 2023-09-03 15:01:57,156 basehttp 26676 21804 "GET / HTTP/1.1" 200 111
INFO 2023-09-03 15:02:21,062 autoreload 26676 17604 F:\my_study_projects\django_seminar_gb\my_app\views.py changed, reloading.
INFO 2023-09-03 15:02:21,509 autoreload 21232 23820 Watching for file changes with StatReloader
INFO 2023-09-03 15:02:34,441 views 21232 28460 About
INFO 2023-09-03 15:02:34,441 basehttp 21232 28460 "GET /about/ HTTP/1.1" 200 67
INFO 2023-09-03 15:05:34,495 autoreload 21804 27864 Watching for file changes with StatReloader
INFO 2023-09-03 15:05:37,832 views 21804 26244 Main page
INFO 2023-09-03 15:05:37,833 basehttp 21804 26244 "GET / HTTP/1.1" 200 376
INFO 2023-09-03 15:06:12,001 autoreload 21804 27864 F:\my_study_projects\django_seminar_gb\my_app\views.py changed, reloading.
INFO 2023-09-03 15:06:12,462 autoreload 4108 24768 Watching for file changes with StatReloader
INFO 2023-09-03 15:06:12,768 views 4108 28460 Main page
INFO 2023-09-03 15:06:12,768 basehttp 4108 28460 "GET / HTTP/1.1" 200 380
INFO 2023-09-03 15:07:28,901 autoreload 4108 24768 F:\my_study_projects\django_seminar_gb\my_app\views.py changed, reloading.
INFO 2023-09-03 15:07:29,384 autoreload 24984 28400 Watching for file changes with StatReloader
INFO 2023-09-03 15:07:29,506 views 24984 18564 Main page
INFO 2023-09-03 15:07:29,507 basehttp 24984 18564 "GET / HTTP/1.1" 200 268
INFO 2023-09-03 15:08:44,775 autoreload 24984 28400 F:\my_study_projects\django_seminar_gb\my_app\views.py changed, reloading.
INFO 2023-09-03 15:08:45,206 autoreload 5208 6208 Watching for file changes with StatReloader
INFO 2023-09-03 15:08:45,308 views 5208 23652 Main page
INFO 2023-09-03 15:08:45,309 basehttp 5208 23652 "GET / HTTP/1.1" 200 271
INFO 2023-09-03 15:08:55,769 views 5208 23652 About
INFO 2023-09-03 15:08:55,770 basehttp 5208 23652 "GET /about/ HTTP/1.1" 200 198
