Результат: HEADS
Результат: HEADS
Результат: TAILS
Результат: TAILS
Результат: HEADS
Результат: HEADS
Результат: HEADS
Результат: TAILS
Результат: HEADS
Результат: TAILS
Результат: HEADS
Результат: HEADS
Результат: TAILS
Результат: HEADS
Результат: TAILS
Результат: TAILS
Результат: TAILS
Результат: TAILS
Результат: TAILS
Результат: HEADS
Результат: TAILS
Результат: TAILS
result='HEADS'
result='TAILS'
result='HEADS'
result='TAILS'
result='TAILS'
result='TAILS'
result='HEADS'
result='HEADS'
result='TAILS'
result='TAILS'
result='TAILS'
result='TAILS'
result='TAILS'
result='TAILS'
result='HEADS'
result='TAILS'
result='TAILS'
result='TAILS'
result='TAILS'
result='TAILS'
result='TAILS'
result='HEADS'
result='HEADS'
result='TAILS'
result='5'
result='1'
result='1'
result='4'
result='1'
result='2'
result='4'
result='5'
result='4'
result='2'
result='3'
result='6'
result='4'
result='74'
result='65'
result='97'
result='52'
result='64'
result='99'
result='66'
result='24'
result='8'
result='95'
result='92'
Random number result = '65'
Random number result = '93'
Random number result = '96'
Random number result = '22'
Cube result = '6'
Cube result = '4'
Cube result = '5'
Cube result = '3'
Cube result = '1'
Coin result = 'TAILS'
Coin result = 'HEADS'
Coin result = 'TAILS'
Coin result = 'TAILS'
Coin result = 'TAILS'
Coin result = 'HEADS'
Coin result = 'TAILS'
Coin result = 'HEADS'
